<?xml version="1.0" encoding="UTF-8"?>
<!-- Generated by org.testng.reporters.JUnitReportReporter -->
<testsuite skipped="0" hostname="Divyas-MacBook-Pro.local" name="Mobile_AssignmentTest" tests="9" failures="0" timestamp="2019-12-16T21:23:46 PST" time="230.742" errors="0">
  <testcase name="ClickAction" time="20.986" classname="Mobile_AssignmentTest"/>
  <testcase name="contactScrolling" time="48.299" classname="Mobile_AssignmentTest"/>
  <testcase name="SwipeAction" time="13.645" classname="Mobile_AssignmentTest"/>
  <testcase name="multitouchAction" time="17.099" classname="Mobile_AssignmentTest"/>
  <testcase name="ZoomAction" time="48.924" classname="Mobile_AssignmentTest"/>
  <testcase name="ScreenshotAction" time="12.004" classname="Mobile_AssignmentTest"/>
  <testcase name="ScreenLock" time="26.272" classname="Mobile_AssignmentTest"/>
  <testcase name="DragandDrop" time="23.031" classname="Mobile_AssignmentTest"/>
  <testcase name="swithchApp" time="20.482" classname="Mobile_AssignmentTest"/>
</testsuite> <!-- Mobile_AssignmentTest -->
