<?xml version="1.0" encoding="UTF-8"?>
<!-- Generated by org.testng.reporters.JUnitReportReporter -->
<testsuite hostname="Divyas-MacBook-Pro.local" name="Mobile_AssignmentTest" tests="9" failures="0" timestamp="17 Dec 2019 05:14:41 GMT" time="222.261" errors="0">
  <testcase name="SwipeAction" time="13.470" classname="Mobile_AssignmentTest"/>
  <testcase name="ZoomAction" time="47.628" classname="Mobile_AssignmentTest"/>
  <testcase name="DragandDrop" time="23.096" classname="Mobile_AssignmentTest"/>
  <testcase name="contactScrolling" time="41.260" classname="Mobile_AssignmentTest"/>
  <testcase name="multitouchAction" time="16.636" classname="Mobile_AssignmentTest"/>
  <testcase name="ScreenLock" time="26.522" classname="Mobile_AssignmentTest"/>
  <testcase name="swithchApp" time="21.394" classname="Mobile_AssignmentTest"/>
  <testcase name="ClickAction" time="20.570" classname="Mobile_AssignmentTest"/>
  <testcase name="ScreenshotAction" time="11.685" classname="Mobile_AssignmentTest"/>
</testsuite> <!-- Mobile_AssignmentTest -->
